0 info it worked if it ends with ok
1 verbose cli [ 'C:\\Program Files\\nodejs\\node.exe',
1 verbose cli   'C:\\Program Files\\nodejs\\node_modules\\npm\\bin\\npm-cli.js',
1 verbose cli   'start' ]
2 info using npm@3.10.10
3 info using node@v6.11.1
4 verbose run-script [ 'prestart', 'start', 'poststart' ]
5 info lifecycle cineapi@1.0.0~prestart: cineapi@1.0.0
6 silly lifecycle cineapi@1.0.0~prestart: no script for prestart, continuing
7 info lifecycle cineapi@1.0.0~start: cineapi@1.0.0
8 verbose lifecycle cineapi@1.0.0~start: unsafe-perm in lifecycle true
9 verbose lifecycle cineapi@1.0.0~start: PATH: C:\Program Files\nodejs\node_modules\npm\bin\node-gyp-bin;C:\Users\Dinos\workspace\Cinecubes\api\node_modules\.bin;C:\Program Files (x86)\Common Files\Oracle\Java\javapath;C:\ProgramData\Oracle\Java\javapath;C:\Program Files (x86)\Razer Chroma SDK\bin;C:\Program Files\Razer Chroma SDK\bin;C:\Program Files (x86)\Intel\iCLS Client\;C:\Program Files\Intel\iCLS Client\;c:\windows\system32;c:\windows;c:\windows\system32\wbem;c:\windows\system32\windowspowershell\v1.0\;c:\program files\intel\intel(r) management engine components\dal;c:\program files\intel\intel(r) management engine components\ipt;c:\program files (x86)\intel\intel(r) management engine components\dal;c:\program files (x86)\intel\intel(r) management engine components\ipt;c:\program files\java\jdk1.8.0_20\bin;c:\program files\matlab\r2014a\runtime\win64;c:\program files\matlab\r2014a\bin;c:\program files\matlab\r2014a\polyspace\bin;C:\WINDOWS\system32;C:\WINDOWS;C:\WINDOWS\System32\Wbem;C:\WINDOWS\System32\WindowsPowerShell\v1.0\;C:\Program Files\Intel\Intel(R) Management Engine Components\DAL;C:\Program Files\Intel\Intel(R) Management Engine Components\IPT;C:\Program Files (x86)\Intel\Intel(R) Management Engine Components\DAL;C:\Program Files (x86)\Intel\Intel(R) Management Engine Components\IPT;C:\Program Files\python27;C:\Program Files\Anaconda3;C:\Program Files\Anaconda3\Scripts;C:\Program Files (x86)\Intel\Intel(R);C:\WINDOWS\system32\config\systemprofile\AppData\Local\Microsoft\WindowsApps;C:\Program Files\Apache\maven\bin;C:\Program Files\Java\jdk1.8.0_45\bin;C:\Program Files (x86)\NVIDIA Corporation\PhysX\Common;C:\Program Files\Git\cmd;C:\WINDOWS\system32;C:\WINDOWS;C:\WINDOWS\System32\Wbem;C:\WINDOWS\System32\WindowsPowerShell\v1.0\;C:\Program Files\nodejs\;C:\WINDOWS\System32\OpenSSH\;C:\Cadence\SPB_16.6\openaccess\bin\win32\opt;C:\Cadence\SPB_16.6\tools\capture;C:\Cadence\SPB_16.6\tools\pspice;C:\Cadence\SPB_16.6\tools\specctra\bin;C:\Cadence\SPB_16.6\tools\fet\bin;C:\Cadence\SPB_16.6\tools\libutil\bin;C:\Cadence\SPB_16.6\tools\bin;C:\Cadence\SPB_16.6\tools\pcb\bin;C:\Program Files (x86)\Intel\iCLS Client\;C:\Program Files\Intel\iCLS Client\;c:\programdata\oracle\java\javapath;c:\windows\system32;c:\windows;c:\windows\system32\wbem;c:\windows\system32\windowspowershell\v1.0\;c:\program files\intel\intel(r) management engine components\dal;c:\program files\intel\intel(r) management engine components\ipt;c:\program files (x86)\intel\intel(r) management engine components\dal;c:\program files (x86)\intel\intel(r) management engine components\ipt;c:\program files\java\jdk1.8.0_20\bin;c:\program files\matlab\r2014a\runtime\win64;c:\program files\matlab\r2014a\bin;c:\program files\matlab\r2014a\polyspace\bin;c:\program files (x86)\skype\phone\;C:\WINDOWS\system32;C:\WINDOWS;C:\WINDOWS\System32\W;%USERPROFILE%\AppData\Local\Microsoft\WindowsApps;
10 verbose lifecycle cineapi@1.0.0~start: CWD: C:\Users\Dinos\workspace\Cinecubes\api
11 silly lifecycle cineapi@1.0.0~start: Args: [ '/d /s /c', 'nodemon app/app.js' ]
12 silly lifecycle cineapi@1.0.0~start: Returned: code: 3221225786  signal: null
13 info lifecycle cineapi@1.0.0~start: Failed to exec start script
14 verbose stack Error: cineapi@1.0.0 start: `nodemon app/app.js`
14 verbose stack Exit status 3221225786
14 verbose stack     at EventEmitter.<anonymous> (C:\Program Files\nodejs\node_modules\npm\lib\utils\lifecycle.js:255:16)
14 verbose stack     at emitTwo (events.js:106:13)
14 verbose stack     at EventEmitter.emit (events.js:191:7)
14 verbose stack     at ChildProcess.<anonymous> (C:\Program Files\nodejs\node_modules\npm\lib\utils\spawn.js:40:14)
14 verbose stack     at emitTwo (events.js:106:13)
14 verbose stack     at ChildProcess.emit (events.js:191:7)
14 verbose stack     at maybeClose (internal/child_process.js:891:16)
14 verbose stack     at Process.ChildProcess._handle.onexit (internal/child_process.js:226:5)
15 verbose pkgid cineapi@1.0.0
16 verbose cwd C:\Users\Dinos\workspace\Cinecubes\api
17 error Windows_NT 10.0.17134
18 error argv "C:\\Program Files\\nodejs\\node.exe" "C:\\Program Files\\nodejs\\node_modules\\npm\\bin\\npm-cli.js" "start"
19 error node v6.11.1
20 error npm  v3.10.10
21 error code ELIFECYCLE
22 error cineapi@1.0.0 start: `nodemon app/app.js`
22 error Exit status 3221225786
23 error Failed at the cineapi@1.0.0 start script 'nodemon app/app.js'.
23 error Make sure you have the latest version of node.js and npm installed.
23 error If you do, this is most likely a problem with the cineapi package,
23 error not with npm itself.
23 error Tell the author that this fails on your system:
23 error     nodemon app/app.js
23 error You can get information on how to open an issue for this project with:
23 error     npm bugs cineapi
23 error Or if that isn't available, you can get their info via:
23 error     npm owner ls cineapi
23 error There is likely additional logging output above.
24 verbose exit [ 1, true ]
